<?xml version="1.0" encoding="UTF-8"?>
<!-- Generated by org.testng.reporters.JUnitReportReporter -->
<testsuite hostname="bisag" failures="0" tests="1" name="tests.GoogleTest" time="2.472" errors="0" timestamp="2025-05-03T15:06:24 IST" skipped="0">
  <testcase classname="tests.GoogleTest" name="testGoogleSearchTitle" time="2.472"/>
</testsuite> <!-- tests.GoogleTest -->
