<?xml version="1.0" encoding="UTF-8"?>
<!-- Generated by org.testng.reporters.JUnitReportReporter -->
<testsuite hostname="bisag" failures="0" tests="1" name="tests.GoogleTest" time="1.553" errors="0" timestamp="2025-05-12T11:06:06 IST" skipped="0">
  <testcase classname="tests.GoogleTest" name="testGoogle" time="1.553"/>
</testsuite> <!-- tests.GoogleTest -->
