<?xml version="1.0" encoding="UTF-8"?>
<!-- Generated by org.testng.reporters.JUnitReportReporter -->
<testsuite hostname="bisag" failures="0" tests="1" name="tests.GoogleTest" time="2.618" errors="0" timestamp="2025-05-05T11:15:07 IST" skipped="0">
  <testcase classname="tests.GoogleTest" name="testGoogleSearchTitle" time="2.618"/>
</testsuite> <!-- tests.GoogleTest -->
