<?xml version="1.0" encoding="UTF-8"?>
<!-- Generated by org.testng.reporters.JUnitReportReporter -->
<testsuite hostname="bisag" failures="0" tests="1" name="tests.GoogleTest" time="3.234" errors="0" timestamp="2025-05-12T11:13:43 IST" skipped="0">
  <testcase classname="tests.GoogleTest" name="testGoogle" time="3.234"/>
</testsuite> <!-- tests.GoogleTest -->
