<?xml version="1.0" encoding="UTF-8"?>
<!-- Generated by org.testng.reporters.JUnitReportReporter -->
<testsuite hostname="bisag" failures="0" tests="1" name="tests.GoogleTest" time="3.549" errors="0" timestamp="2025-05-03T16:28:23 IST" skipped="0">
  <testcase classname="tests.GoogleTest" name="testGoogleSearchTitle" time="3.549"/>
</testsuite> <!-- tests.GoogleTest -->
